0 info it worked if it ends with ok
1 verbose cli [ 'C:\\Program Files\\nodejs\\node.exe',
1 verbose cli   'C:\\Program Files\\nodejs\\node_modules\\npm\\bin\\npm-cli.js',
1 verbose cli   'publish' ]
2 info using npm@3.10.8
3 info using node@v6.9.1
4 verbose publish [ '.' ]
5 silly cache add args [ '.', null ]
6 verbose cache add spec .
7 silly cache add parsed spec Result {
7 silly cache add   raw: '.',
7 silly cache add   scope: null,
7 silly cache add   escapedName: null,
7 silly cache add   name: null,
7 silly cache add   rawSpec: '.',
7 silly cache add   spec: 'C:\\workspace\\alcoholics-recovered',
7 silly cache add   type: 'directory' }
8 verbose addLocalDirectory C:\Users\Colin\AppData\Roaming\npm-cache\alcoholics-recovered\1.0.0\package.tgz not in flight; packing
9 verbose correctMkdir C:\Users\Colin\AppData\Roaming\npm-cache correctMkdir not in flight; initializing
10 info lifecycle alcoholics-recovered@1.0.0~prepublish: alcoholics-recovered@1.0.0
11 silly lifecycle alcoholics-recovered@1.0.0~prepublish: no script for prepublish, continuing
12 verbose tar pack [ 'C:\\Users\\Colin\\AppData\\Roaming\\npm-cache\\alcoholics-recovered\\1.0.0\\package.tgz',
12 verbose tar pack   'C:\\workspace\\alcoholics-recovered' ]
13 verbose tarball C:\Users\Colin\AppData\Roaming\npm-cache\alcoholics-recovered\1.0.0\package.tgz
14 verbose folder C:\workspace\alcoholics-recovered
15 verbose addLocalTarball adding from inside cache C:\Users\Colin\AppData\Roaming\npm-cache\alcoholics-recovered\1.0.0\package.tgz
16 verbose correctMkdir C:\Users\Colin\AppData\Roaming\npm-cache correctMkdir not in flight; initializing
17 silly cache afterAdd alcoholics-recovered@1.0.0
18 verbose afterAdd C:\Users\Colin\AppData\Roaming\npm-cache\alcoholics-recovered\1.0.0\package\package.json not in flight; writing
19 verbose correctMkdir C:\Users\Colin\AppData\Roaming\npm-cache correctMkdir not in flight; initializing
20 verbose afterAdd C:\Users\Colin\AppData\Roaming\npm-cache\alcoholics-recovered\1.0.0\package\package.json written
21 silly publish { name: 'alcoholics-recovered',
21 silly publish   version: '1.0.0',
21 silly publish   description: '',
21 silly publish   main: 'index.js',
21 silly publish   scripts: { test: 'echo "Error: no test specified" && exit 1' },
21 silly publish   author: { name: 'Charlie' },
21 silly publish   license: 'ISC',
21 silly publish   dependencies: { bootstrap: '^4.1.3', jquery: '^3.3.1' },
21 silly publish   readme: '# alcoholics-recovered\r\n',
21 silly publish   readmeFilename: 'README.md',
21 silly publish   gitHead: 'e54984a172ab51d1795fa16931358ab48c50050a',
21 silly publish   _id: 'alcoholics-recovered@1.0.0',
21 silly publish   _shasum: 'dccc8bc9705603721655f93c7793b6cebd2f933b',
21 silly publish   _from: '.' }
22 verbose getPublishConfig undefined
23 silly mapToRegistry name alcoholics-recovered
24 silly mapToRegistry using default registry
25 silly mapToRegistry registry https://registry.npmjs.org/
26 silly mapToRegistry data Result {
26 silly mapToRegistry   raw: 'alcoholics-recovered',
26 silly mapToRegistry   scope: null,
26 silly mapToRegistry   escapedName: 'alcoholics-recovered',
26 silly mapToRegistry   name: 'alcoholics-recovered',
26 silly mapToRegistry   rawSpec: '',
26 silly mapToRegistry   spec: 'latest',
26 silly mapToRegistry   type: 'tag' }
27 silly mapToRegistry uri https://registry.npmjs.org/alcoholics-recovered
28 verbose publish registryBase https://registry.npmjs.org/
29 silly publish uploading C:\Users\Colin\AppData\Roaming\npm-cache\alcoholics-recovered\1.0.0\package.tgz
30 verbose stack Error: auth required for publishing
30 verbose stack     at CachingRegistryClient.publish (C:\Program Files\nodejs\node_modules\npm\node_modules\npm-registry-client\lib\publish.js:30:14)
30 verbose stack     at C:\Program Files\nodejs\node_modules\npm\lib\publish.js:138:14
30 verbose stack     at mapToRegistry (C:\Program Files\nodejs\node_modules\npm\lib\utils\map-to-registry.js:62:3)
30 verbose stack     at publish_ (C:\Program Files\nodejs\node_modules\npm\lib\publish.js:107:3)
30 verbose stack     at Array.<anonymous> (C:\Program Files\nodejs\node_modules\npm\node_modules\slide\lib\bind-actor.js:15:8)
30 verbose stack     at LOOP (C:\Program Files\nodejs\node_modules\npm\node_modules\slide\lib\chain.js:15:14)
30 verbose stack     at LOOP (C:\Program Files\nodejs\node_modules\npm\node_modules\slide\lib\chain.js:14:28)
30 verbose stack     at chain (C:\Program Files\nodejs\node_modules\npm\node_modules\slide\lib\chain.js:20:5)
30 verbose stack     at C:\Program Files\nodejs\node_modules\npm\lib\publish.js:73:5
30 verbose stack     at RES (C:\Program Files\nodejs\node_modules\npm\node_modules\inflight\inflight.js:23:14)
31 verbose cwd C:\workspace\alcoholics-recovered
32 error Windows_NT 10.0.17134
33 error argv "C:\\Program Files\\nodejs\\node.exe" "C:\\Program Files\\nodejs\\node_modules\\npm\\bin\\npm-cli.js" "publish"
34 error node v6.9.1
35 error npm  v3.10.8
36 error code ENEEDAUTH
37 error need auth auth required for publishing
38 error need auth You need to authorize this machine using `npm adduser`
39 verbose exit [ 1, true ]
