Arguments: 
  /Users/rebeccaleete/.nvm/versions/node/v8.11.3/bin/node /Users/rebeccaleete/.nvm/versions/node/v8.11.3/bin/yarn add sass

PATH: 
  /Users/rebeccaleete/.nvm/versions/node/v8.11.3/bin:/usr/local/bin:/usr/bin:/bin:/usr/sbin:/sbin

Yarn version: 
  1.7.0

Node version: 
  8.11.3

Platform: 
  darwin x64

Trace: 
  SyntaxError: /Users/rebeccaleete/dev-workspace/TAG/AlcoholicsRecovered/alcoholics-recovered/package.json: Unexpected token } in JSON at position 177
      at JSON.parse (<anonymous>)
      at /Users/rebeccaleete/.nvm/versions/node/v8.11.3/lib/node_modules/yarn/lib/cli.js:1130:59
      at Generator.next (<anonymous>)
      at step (/Users/rebeccaleete/.nvm/versions/node/v8.11.3/lib/node_modules/yarn/lib/cli.js:98:30)
      at /Users/rebeccaleete/.nvm/versions/node/v8.11.3/lib/node_modules/yarn/lib/cli.js:109:13
      at <anonymous>

npm manifest: 
  {
    "name": "alcoholics-recovered",
    "version": "1.0.0",
    "description": "",
    "main": "index.js",
    "scripts": {
      "test": "echo \"Error: no test specified\" && exit 1",
    },
    "author": "Charlie",
    "license": "ISC",
    "dependencies": {
      "bootstrap": "^4.1.3",
      "jquery": "^3.3.1"
    }
  }

yarn manifest: 
  No manifest

Lockfile: 
  # THIS IS AN AUTOGENERATED FILE. DO NOT EDIT THIS FILE DIRECTLY.
  # yarn lockfile v1
  
  
  bootstrap@^4.1.3:
    version "4.1.3"
    resolved "https://registry.yarnpkg.com/bootstrap/-/bootstrap-4.1.3.tgz#0eb371af2c8448e8c210411d0cb824a6409a12be"
  
  jquery@^3.3.1:
    version "3.3.1"
    resolved "https://registry.yarnpkg.com/jquery/-/jquery-3.3.1.tgz#958ce29e81c9790f31be7792df5d4d95fc57fbca"
